-=-=-=-=-=-=-=-=-=-=-=-=-=-=-=-=-=-=-=-=-=-=-=-=-=-=-=-=-=-=-=-=
CLIntercept (64-bit) is loading...
CLIntercept file location: C:\Users\Local_Admin\Downloads\clintercept-3.0.6-win64\Release\opencl.dll
CLIntercept URL: https://github.com/intel/opencl-intercept-layer
CLIntercept git description: v3.0.6
CLIntercept git refspec: 
CLIntercept git hash: 1c86da258a3de21c88abb8d81953febcef50991f
CLIntercept optional features:
    cliloader(supported)
    cliprof(supported)
    kernel overrides(supported)
    ITT tracing(NOT supported)
    MDAPI(supported)
    Demangling(NOT supported)
    clock(steady_clock)
CLIntercept environment variable prefix: CLI_
CLIntercept registry key: SOFTWARE\INTEL\IGFX\CLINTERCEPT
Trying to load dispatch from: real_opencl.dll
Couldn't get exported function pointer to: clGetGLContextInfoKHR
... success!
Control ReportToStderr is set to non-default value: true
Control DevicePerformanceTiming is set to non-default value: true
Timer Started!
... loading complete.
Total Enqueues: 0

=== FC Benchmark (precision=u4) ===
M=2048 K=12288 N=4096 group_size=128 iters=20 warmup=5 bufs=4 flush_mb=64
Dynamic quantization: ON (group_size=128)
Input tensors allocated in USM_DEVICE (VRAM) via RemoteContext.
L2/L3 flush kernel: 64 MB f16 Relu between every FC infer.
Median_ms: 3.5466
Min_ms: 3.5078
Avg_ms: 3.56658
GFLOPS: 58128.5
BW_GBs: 26.2395
AI: 2215.3
WeightBytes: 2.51658e+07
TotalBytes: 9.30611e+07
TotalFLOPs: 2.06158e+11
Total Enqueues: 110


Device Performance Timing Results for Intel(R) Arc(TM) B390 GPU (96CUs, 2400MHz):

Total Time (ns): 125290588

                                   Function Name,  Calls,     Time (ns), Time (%),  Average (ns),      Min (ns),      Max (ns)
           activation_opt_477147924471330069_0_0,     26,      33305611,   26.58%,       1280985,       1212500,       1737708
                      clEnqueueMemFillINTEL( D ),      3,        115832,    0.09%,         38610,          7604,        100520
                      clEnqueueMemFillINTEL( H ),      5,       2951561,    2.36%,        590312,         18750,       1063333
dynamic_quantize_gpu_opt_2761498103956582426_0_0,     25,      14493636,   11.57%,        579745,        510208,       1230937
                                     gemm_kernel,     25,      74323532,   59.32%,       2972941,       2911145,       3429166
            reorder_data_8263849492271753524_0_0,      1,        100416,    0.08%,        100416,        100416,        100416
CLIntercept is shutting down...
... shutdown complete.
