-=-=-=-=-=-=-=-=-=-=-=-=-=-=-=-=-=-=-=-=-=-=-=-=-=-=-=-=-=-=-=-=
CLIntercept (64-bit) is loading...
CLIntercept file location: C:\Users\Local_Admin\Downloads\clintercept-3.0.6-win64\Release\opencl.dll
CLIntercept URL: https://github.com/intel/opencl-intercept-layer
CLIntercept git description: v3.0.6
CLIntercept git refspec: 
CLIntercept git hash: 1c86da258a3de21c88abb8d81953febcef50991f
CLIntercept optional features:
    cliloader(supported)
    cliprof(supported)
    kernel overrides(supported)
    ITT tracing(NOT supported)
    MDAPI(supported)
    Demangling(NOT supported)
    clock(steady_clock)
CLIntercept environment variable prefix: CLI_
CLIntercept registry key: SOFTWARE\INTEL\IGFX\CLINTERCEPT
Trying to load dispatch from: real_opencl.dll
Couldn't get exported function pointer to: clGetGLContextInfoKHR
... success!
Control ReportToStderr is set to non-default value: true
Control DevicePerformanceTiming is set to non-default value: true
Timer Started!
... loading complete.
Total Enqueues: 0

=== FC Benchmark (precision=u4) ===
M=4096 K=12288 N=4096 group_size=128 iters=20 warmup=5 bufs=4 flush_mb=64
Dynamic quantization: ON (group_size=128)
Input tensors allocated in USM_DEVICE (VRAM) via RemoteContext.
L2/L3 flush kernel: 64 MB f16 Relu between every FC infer.
Median_ms: 6.9042
Min_ms: 6.8193
Avg_ms: 6.94162
GFLOPS: 59719.7
BW_GBs: 23.1989
AI: 2574.25
WeightBytes: 2.51658e+07
TotalBytes: 1.6017e+08
TotalFLOPs: 4.12317e+11
Total Enqueues: 110


Device Performance Timing Results for Intel(R) Arc(TM) B390 GPU (96CUs, 2400MHz):

Total Time (ns): 211672884

                                   Function Name,  Calls,     Time (ns), Time (%),  Average (ns),      Min (ns),      Max (ns)
           activation_opt_477147924471330069_0_0,     26,      33128844,   15.65%,       1274186,       1215416,       1742083
                      clEnqueueMemFillINTEL( D ),      3,        220311,    0.10%,         73437,         10104,        197395
                      clEnqueueMemFillINTEL( H ),      5,       4250832,    2.01%,        850166,         16875,       1732083
dynamic_quantize_gpu_opt_1763251320957188409_0_0,     25,      29717072,   14.04%,       1188682,       1044479,       2419166
                                     gemm_kernel,     25,     144255617,   68.15%,       5770224,       5703020,       6181354
            reorder_data_8263849492271753524_0_0,      1,        100208,    0.05%,        100208,        100208,        100208
CLIntercept is shutting down...
... shutdown complete.
