-=-=-=-=-=-=-=-=-=-=-=-=-=-=-=-=-=-=-=-=-=-=-=-=-=-=-=-=-=-=-=-=
CLIntercept (64-bit) is loading...
CLIntercept file location: C:\Users\Local_Admin\Downloads\clintercept-3.0.6-win64\Release\opencl.dll
CLIntercept URL: https://github.com/intel/opencl-intercept-layer
CLIntercept git description: v3.0.6
CLIntercept git refspec: 
CLIntercept git hash: 1c86da258a3de21c88abb8d81953febcef50991f
CLIntercept optional features:
    cliloader(supported)
    cliprof(supported)
    kernel overrides(supported)
    ITT tracing(NOT supported)
    MDAPI(supported)
    Demangling(NOT supported)
    clock(steady_clock)
CLIntercept environment variable prefix: CLI_
CLIntercept registry key: SOFTWARE\INTEL\IGFX\CLINTERCEPT
Trying to load dispatch from: real_opencl.dll
Couldn't get exported function pointer to: clGetGLContextInfoKHR
... success!
Control ReportToStderr is set to non-default value: true
Control DevicePerformanceTiming is set to non-default value: true
Timer Started!
... loading complete.
Total Enqueues: 0

=== FC Benchmark (precision=u4) ===
M=32768 K=12288 N=4096 group_size=128 iters=20 warmup=5 bufs=4 flush_mb=64
Dynamic quantization: ON (group_size=128)
Input tensors allocated in USM_DEVICE (VRAM) via RemoteContext.
L2/L3 flush kernel: 64 MB f16 Relu between every FC infer.
Median_ms: 54.9805
Min_ms: 54.6572
Avg_ms: 56.5645
GFLOPS: 59994.6
BW_GBs: 20.0015
AI: 2999.5
WeightBytes: 2.51658e+07
TotalBytes: 1.09969e+09
TotalFLOPs: 3.29853e+12
Total Enqueues: 110


Device Performance Timing Results for Intel(R) Arc(TM) B390 GPU (96CUs, 2400MHz):

Total Time (ns): 1468586110

                                    Function Name,  Calls,     Time (ns), Time (%),  Average (ns),      Min (ns),      Max (ns)
            activation_opt_477147924471330069_0_0,     26,      33953425,    2.31%,       1305900,       1232395,       1743750
                       clEnqueueMemFillINTEL( D ),      3,       1841457,    0.13%,        613819,         33437,       1755833
                       clEnqueueMemFillINTEL( H ),      5,      17885936,    1.22%,       3577187,         28854,      10632708
dynamic_quantize_gpu_opt_16921033861136717072_0_0,     25,     264589988,   18.02%,      10583599,       9859375,      13017500
                                      gemm_kernel,     25,    1150214888,   78.32%,      46008595,      44585416,      55171354
             reorder_data_8263849492271753524_0_0,      1,        100416,    0.01%,        100416,        100416,        100416
CLIntercept is shutting down...
... shutdown complete.
