-=-=-=-=-=-=-=-=-=-=-=-=-=-=-=-=-=-=-=-=-=-=-=-=-=-=-=-=-=-=-=-=
CLIntercept (64-bit) is loading...
CLIntercept file location: C:\Users\Local_Admin\Downloads\clintercept-3.0.6-win64\Release\opencl.dll
CLIntercept URL: https://github.com/intel/opencl-intercept-layer
CLIntercept git description: v3.0.6
CLIntercept git refspec: 
CLIntercept git hash: 1c86da258a3de21c88abb8d81953febcef50991f
CLIntercept optional features:
    cliloader(supported)
    cliprof(supported)
    kernel overrides(supported)
    ITT tracing(NOT supported)
    MDAPI(supported)
    Demangling(NOT supported)
    clock(steady_clock)
CLIntercept environment variable prefix: CLI_
CLIntercept registry key: SOFTWARE\INTEL\IGFX\CLINTERCEPT
Trying to load dispatch from: real_opencl.dll
Couldn't get exported function pointer to: clGetGLContextInfoKHR
... success!
Control ReportToStderr is set to non-default value: true
Control DevicePerformanceTiming is set to non-default value: true
Timer Started!
... loading complete.
Total Enqueues: 0

=== FC Benchmark (precision=u4) ===
M=16384 K=4096 N=12288 group_size=128 iters=20 warmup=5 bufs=4 flush_mb=64
Dynamic quantization: ON (group_size=128)
Input tensors allocated in USM_DEVICE (VRAM) via RemoteContext.
L2/L3 flush kernel: 64 MB f16 Relu between every FC infer.
Median_ms: 23.393
Min_ms: 23.2367
Avg_ms: 23.6085
GFLOPS: 70502.6
BW_GBs: 24.0595
AI: 2930.35
WeightBytes: 2.51658e+07
TotalBytes: 5.62823e+08
TotalFLOPs: 1.64927e+12
Total Enqueues: 110


Device Performance Timing Results for Intel(R) Arc(TM) B390 GPU (96CUs, 2400MHz):

Total Time (ns): 645469027

                                   Function Name,  Calls,     Time (ns), Time (%),  Average (ns),      Min (ns),      Max (ns)
           activation_opt_477147924471330069_0_0,     26,      33818427,    5.24%,       1300708,       1222916,       1900208
                      clEnqueueMemFillINTEL( D ),      3,        260728,    0.04%,         86909,         11979,        233854
                      clEnqueueMemFillINTEL( H ),      5,       9893956,    1.53%,       1978791,         15312,       6523125
dynamic_quantize_gpu_opt_5790446330686255747_0_0,     25,      48705617,    7.55%,       1948224,       1640000,       3297604
                                     gemm_kernel,     25,     552674466,   85.62%,      22106978,      21407187,      28304479
            reorder_data_3982838151091069278_0_0,      1,        115833,    0.02%,        115833,        115833,        115833
CLIntercept is shutting down...
... shutdown complete.
