-=-=-=-=-=-=-=-=-=-=-=-=-=-=-=-=-=-=-=-=-=-=-=-=-=-=-=-=-=-=-=-=
CLIntercept (64-bit) is loading...
CLIntercept file location: C:\Users\Local_Admin\Downloads\clintercept-3.0.6-win64\Release\opencl.dll
CLIntercept URL: https://github.com/intel/opencl-intercept-layer
CLIntercept git description: v3.0.6
CLIntercept git refspec: 
CLIntercept git hash: 1c86da258a3de21c88abb8d81953febcef50991f
CLIntercept optional features:
    cliloader(supported)
    cliprof(supported)
    kernel overrides(supported)
    ITT tracing(NOT supported)
    MDAPI(supported)
    Demangling(NOT supported)
    clock(steady_clock)
CLIntercept environment variable prefix: CLI_
CLIntercept registry key: SOFTWARE\INTEL\IGFX\CLINTERCEPT
Trying to load dispatch from: real_opencl.dll
Couldn't get exported function pointer to: clGetGLContextInfoKHR
... success!
Control ReportToStderr is set to non-default value: true
Control DevicePerformanceTiming is set to non-default value: true
Timer Started!
... loading complete.
Total Enqueues: 0

=== FC Benchmark (precision=u4) ===
M=8192 K=4096 N=12288 group_size=128 iters=20 warmup=5 bufs=4 flush_mb=64
Dynamic quantization: ON (group_size=128)
Input tensors allocated in USM_DEVICE (VRAM) via RemoteContext.
L2/L3 flush kernel: 64 MB f16 Relu between every FC infer.
Median_ms: 11.6965
Min_ms: 11.4649
Avg_ms: 11.9806
GFLOPS: 70502.6
BW_GBs: 25.1689
AI: 2801.18
WeightBytes: 2.51658e+07
TotalBytes: 2.94388e+08
TotalFLOPs: 8.24634e+11
Total Enqueues: 110


Device Performance Timing Results for Intel(R) Arc(TM) B390 GPU (96CUs, 2400MHz):

Total Time (ns): 337459966

                                   Function Name,  Calls,     Time (ns), Time (%),  Average (ns),      Min (ns),      Max (ns)
           activation_opt_477147924471330069_0_0,     26,      33889780,   10.04%,       1303453,       1220104,       1901145
                      clEnqueueMemFillINTEL( D ),      3,        165936,    0.05%,         55312,          9687,        146041
                      clEnqueueMemFillINTEL( H ),      5,       6976561,    2.07%,       1395312,         13541,       3760729
dynamic_quantize_gpu_opt_1534384422443530166_0_0,     25,      21158010,    6.27%,        846320,        697083,       1627291
                                     gemm_kernel,     25,     275160825,   81.54%,      11006433,      10586250,      14025937
            reorder_data_3982838151091069278_0_0,      1,        108854,    0.03%,        108854,        108854,        108854
CLIntercept is shutting down...
... shutdown complete.
