-=-=-=-=-=-=-=-=-=-=-=-=-=-=-=-=-=-=-=-=-=-=-=-=-=-=-=-=-=-=-=-=
CLIntercept (64-bit) is loading...
CLIntercept file location: C:\Users\Local_Admin\Downloads\clintercept-3.0.6-win64\Release\opencl.dll
CLIntercept URL: https://github.com/intel/opencl-intercept-layer
CLIntercept git description: v3.0.6
CLIntercept git refspec: 
CLIntercept git hash: 1c86da258a3de21c88abb8d81953febcef50991f
CLIntercept optional features:
    cliloader(supported)
    cliprof(supported)
    kernel overrides(supported)
    ITT tracing(NOT supported)
    MDAPI(supported)
    Demangling(NOT supported)
    clock(steady_clock)
CLIntercept environment variable prefix: CLI_
CLIntercept registry key: SOFTWARE\INTEL\IGFX\CLINTERCEPT
Trying to load dispatch from: real_opencl.dll
Couldn't get exported function pointer to: clGetGLContextInfoKHR
... success!
Control ReportToStderr is set to non-default value: true
Control DevicePerformanceTiming is set to non-default value: true
Timer Started!
... loading complete.
Total Enqueues: 0

=== FC Benchmark (precision=u4) ===
M=2048 K=4096 N=12288 group_size=128 iters=20 warmup=5 bufs=4 flush_mb=64
Dynamic quantization: ON (group_size=128)
Input tensors allocated in USM_DEVICE (VRAM) via RemoteContext.
L2/L3 flush kernel: 64 MB f16 Relu between every FC infer.
Median_ms: 3.1051
Min_ms: 3.0161
Avg_ms: 3.10941
GFLOPS: 66393.5
BW_GBs: 29.9704
AI: 2215.3
WeightBytes: 2.51658e+07
TotalBytes: 9.30611e+07
TotalFLOPs: 2.06158e+11
Total Enqueues: 110


Device Performance Timing Results for Intel(R) Arc(TM) B390 GPU (96CUs, 2400MHz):

Total Time (ns): 112120481

                                   Function Name,  Calls,     Time (ns), Time (%),  Average (ns),      Min (ns),      Max (ns)
           activation_opt_477147924471330069_0_0,     26,      33774675,   30.12%,       1299025,       1222916,       1777708
                      clEnqueueMemFillINTEL( D ),      3,         54582,    0.05%,         18194,          4791,         41979
                      clEnqueueMemFillINTEL( H ),      5,       2956247,    2.64%,        591249,         15520,       1069791
dynamic_quantize_gpu_opt_9457747167103641236_0_0,     25,       4874259,    4.35%,        194970,        170416,        406875
                                     gemm_kernel,     25,      70351760,   62.75%,       2814070,       2717916,       3312395
            reorder_data_3982838151091069278_0_0,      1,        108958,    0.10%,        108958,        108958,        108958
CLIntercept is shutting down...
... shutdown complete.
