-=-=-=-=-=-=-=-=-=-=-=-=-=-=-=-=-=-=-=-=-=-=-=-=-=-=-=-=-=-=-=-=
CLIntercept (64-bit) is loading...
CLIntercept file location: C:\Users\Local_Admin\Downloads\clintercept-3.0.6-win64\Release\opencl.dll
CLIntercept URL: https://github.com/intel/opencl-intercept-layer
CLIntercept git description: v3.0.6
CLIntercept git refspec: 
CLIntercept git hash: 1c86da258a3de21c88abb8d81953febcef50991f
CLIntercept optional features:
    cliloader(supported)
    cliprof(supported)
    kernel overrides(supported)
    ITT tracing(NOT supported)
    MDAPI(supported)
    Demangling(NOT supported)
    clock(steady_clock)
CLIntercept environment variable prefix: CLI_
CLIntercept registry key: SOFTWARE\INTEL\IGFX\CLINTERCEPT
Trying to load dispatch from: real_opencl.dll
Couldn't get exported function pointer to: clGetGLContextInfoKHR
... success!
Control ReportToStderr is set to non-default value: true
Control DevicePerformanceTiming is set to non-default value: true
Timer Started!
... loading complete.
Total Enqueues: 0

=== FC Benchmark (precision=u4) ===
M=4096 K=4096 N=4096 group_size=128 iters=20 warmup=5 bufs=4 flush_mb=64
Dynamic quantization: ON (group_size=128)
Input tensors allocated in USM_DEVICE (VRAM) via RemoteContext.
L2/L3 flush kernel: 64 MB f16 Relu between every FC infer.
Median_ms: 2.3356
Min_ms: 2.2743
Avg_ms: 2.33707
GFLOPS: 58845.2
BW_GBs: 32.4369
AI: 1814.15
WeightBytes: 8.38861e+06
TotalBytes: 7.57596e+07
TotalFLOPs: 1.37439e+11
Total Enqueues: 110


Device Performance Timing Results for Intel(R) Arc(TM) B390 GPU (96CUs, 2400MHz):

Total Time (ns): 92934862

                                   Function Name,  Calls,     Time (ns), Time (%),  Average (ns),      Min (ns),      Max (ns)
           activation_opt_477147924471330069_0_0,     26,      33509888,   36.06%,       1288841,       1219479,       1753750
                      clEnqueueMemFillINTEL( D ),      3,         84374,    0.09%,         28124,          5729,         70937
                      clEnqueueMemFillINTEL( H ),      5,       2899477,    3.12%,        579895,         13854,       1058437
dynamic_quantize_gpu_opt_2457997582419023691_0_0,     25,       9676865,   10.41%,        387074,        344895,        809479
                                     gemm_kernel,     25,      46720925,   50.27%,       1868837,       1806250,       2144895
            reorder_data_8022986047467355601_0_0,      1,         43333,    0.05%,         43333,         43333,         43333
CLIntercept is shutting down...
... shutdown complete.
