-=-=-=-=-=-=-=-=-=-=-=-=-=-=-=-=-=-=-=-=-=-=-=-=-=-=-=-=-=-=-=-=
CLIntercept (64-bit) is loading...
CLIntercept file location: C:\Users\Local_Admin\Downloads\clintercept-3.0.6-win64\Release\opencl.dll
CLIntercept URL: https://github.com/intel/opencl-intercept-layer
CLIntercept git description: v3.0.6
CLIntercept git refspec: 
CLIntercept git hash: 1c86da258a3de21c88abb8d81953febcef50991f
CLIntercept optional features:
    cliloader(supported)
    cliprof(supported)
    kernel overrides(supported)
    ITT tracing(NOT supported)
    MDAPI(supported)
    Demangling(NOT supported)
    clock(steady_clock)
CLIntercept environment variable prefix: CLI_
CLIntercept registry key: SOFTWARE\INTEL\IGFX\CLINTERCEPT
Trying to load dispatch from: real_opencl.dll
Couldn't get exported function pointer to: clGetGLContextInfoKHR
... success!
Control ReportToStderr is set to non-default value: true
Control DevicePerformanceTiming is set to non-default value: true
Timer Started!
... loading complete.
Total Enqueues: 0

=== FC Benchmark (precision=u4) ===
M=32768 K=4096 N=4096 group_size=128 iters=20 warmup=5 bufs=4 flush_mb=64
Dynamic quantization: ON (group_size=128)
Input tensors allocated in USM_DEVICE (VRAM) via RemoteContext.
L2/L3 flush kernel: 64 MB f16 Relu between every FC infer.
Median_ms: 17.618
Min_ms: 16.9506
Avg_ms: 17.5864
GFLOPS: 62408.4
BW_GBs: 30.9639
AI: 2015.52
WeightBytes: 8.38861e+06
TotalBytes: 5.45522e+08
TotalFLOPs: 1.09951e+12
Total Enqueues: 110


Device Performance Timing Results for Intel(R) Arc(TM) B390 GPU (96CUs, 2400MHz):

Total Time (ns): 499179129

                                   Function Name,  Calls,     Time (ns), Time (%),  Average (ns),      Min (ns),      Max (ns)
           activation_opt_477147924471330069_0_0,     26,      34508633,    6.91%,       1327255,       1230937,       1995104
                      clEnqueueMemFillINTEL( D ),      3,        618436,    0.12%,        206145,         19270,        572708
                      clEnqueueMemFillINTEL( H ),      5,      12504581,    2.51%,       2500916,         13645,       5139375
dynamic_quantize_gpu_opt_7387113980111986926_0_0,     25,      93646032,   18.76%,       3745841,       2816666,       6346250
                                     gemm_kernel,     25,     357844989,   71.69%,      14313799,      14001145,      16477604
            reorder_data_8022986047467355601_0_0,      1,         56458,    0.01%,         56458,         56458,         56458
CLIntercept is shutting down...
... shutdown complete.
