-=-=-=-=-=-=-=-=-=-=-=-=-=-=-=-=-=-=-=-=-=-=-=-=-=-=-=-=-=-=-=-=
CLIntercept (64-bit) is loading...
CLIntercept file location: C:\Users\Local_Admin\Downloads\clintercept-3.0.6-win64\Release\opencl.dll
CLIntercept URL: https://github.com/intel/opencl-intercept-layer
CLIntercept git description: v3.0.6
CLIntercept git refspec: 
CLIntercept git hash: 1c86da258a3de21c88abb8d81953febcef50991f
CLIntercept optional features:
    cliloader(supported)
    cliprof(supported)
    kernel overrides(supported)
    ITT tracing(NOT supported)
    MDAPI(supported)
    Demangling(NOT supported)
    clock(steady_clock)
CLIntercept environment variable prefix: CLI_
CLIntercept registry key: SOFTWARE\INTEL\IGFX\CLINTERCEPT
Trying to load dispatch from: real_opencl.dll
Couldn't get exported function pointer to: clGetGLContextInfoKHR
... success!
Control ReportToStderr is set to non-default value: true
Control DevicePerformanceTiming is set to non-default value: true
Timer Started!
... loading complete.
Total Enqueues: 0

=== FC Benchmark (precision=u4) ===
M=16384 K=4096 N=4096 group_size=128 iters=20 warmup=5 bufs=4 flush_mb=64
Dynamic quantization: ON (group_size=128)
Input tensors allocated in USM_DEVICE (VRAM) via RemoteContext.
L2/L3 flush kernel: 64 MB f16 Relu between every FC infer.
Median_ms: 8.9613
Min_ms: 8.7637
Avg_ms: 9.35799
GFLOPS: 61347.8
BW_GBs: 30.9203
AI: 1984.06
WeightBytes: 8.38861e+06
TotalBytes: 2.77086e+08
TotalFLOPs: 5.49756e+11
Total Enqueues: 110


Device Performance Timing Results for Intel(R) Arc(TM) B390 GPU (96CUs, 2400MHz):

Total Time (ns): 279615487

                                   Function Name,  Calls,     Time (ns), Time (%),  Average (ns),      Min (ns),      Max (ns)
           activation_opt_477147924471330069_0_0,     26,      35965093,   12.86%,       1383272,       1231666,       2112395
                      clEnqueueMemFillINTEL( D ),      3,        302812,    0.11%,        100937,         13854,        273125
                      clEnqueueMemFillINTEL( H ),      5,       6940727,    2.48%,       1388145,         11562,       2407708
dynamic_quantize_gpu_opt_5790446330686255747_0_0,     25,      51214886,   18.32%,       2048595,       1550625,       3372187
                                     gemm_kernel,     25,     185146344,   66.21%,       7405853,       6995937,       8719687
            reorder_data_8022986047467355601_0_0,      1,         45625,    0.02%,         45625,         45625,         45625
CLIntercept is shutting down...
... shutdown complete.
