-=-=-=-=-=-=-=-=-=-=-=-=-=-=-=-=-=-=-=-=-=-=-=-=-=-=-=-=-=-=-=-=
CLIntercept (64-bit) is loading...
CLIntercept file location: C:\Users\Local_Admin\Downloads\clintercept-3.0.6-win64\Release\opencl.dll
CLIntercept URL: https://github.com/intel/opencl-intercept-layer
CLIntercept git description: v3.0.6
CLIntercept git refspec: 
CLIntercept git hash: 1c86da258a3de21c88abb8d81953febcef50991f
CLIntercept optional features:
    cliloader(supported)
    cliprof(supported)
    kernel overrides(supported)
    ITT tracing(NOT supported)
    MDAPI(supported)
    Demangling(NOT supported)
    clock(steady_clock)
CLIntercept environment variable prefix: CLI_
CLIntercept registry key: SOFTWARE\INTEL\IGFX\CLINTERCEPT
Trying to load dispatch from: real_opencl.dll
Couldn't get exported function pointer to: clGetGLContextInfoKHR
... success!
Control ReportToStderr is set to non-default value: true
Control DevicePerformanceTiming is set to non-default value: true
Timer Started!
... loading complete.
Total Enqueues: 0

=== FC Benchmark (precision=u4) ===
M=1024 K=4096 N=4096 group_size=128 iters=20 warmup=5 bufs=4 flush_mb=64
Dynamic quantization: ON (group_size=128)
Input tensors allocated in USM_DEVICE (VRAM) via RemoteContext.
L2/L3 flush kernel: 64 MB f16 Relu between every FC infer.
Median_ms: 0.6802
Min_ms: 0.6614
Avg_ms: 0.681105
GFLOPS: 50514.2
BW_GBs: 37.3831
AI: 1351.26
WeightBytes: 8.38861e+06
TotalBytes: 2.5428e+07
TotalFLOPs: 3.43597e+10
Total Enqueues: 110


Device Performance Timing Results for Intel(R) Arc(TM) B390 GPU (96CUs, 2400MHz):

Total Time (ns): 50846320

                                   Function Name,  Calls,     Time (ns), Time (%),  Average (ns),      Min (ns),      Max (ns)
           activation_opt_477147924471330069_0_0,     26,      33422176,   65.73%,       1285468,       1204062,       1743645
                      clEnqueueMemFillINTEL( D ),      3,         37707,    0.07%,         12569,          3020,         28750
                      clEnqueueMemFillINTEL( H ),      5,       2208748,    4.34%,        441749,         14270,       1065000
dynamic_quantize_gpu_opt_4276305079436250453_0_0,     25,       2556658,    5.03%,        102266,         86145,        206354
                                     gemm_kernel,     25,      12565406,   24.71%,        502616,        478645,        613645
            reorder_data_8022986047467355601_0_0,      1,         55625,    0.11%,         55625,         55625,         55625
CLIntercept is shutting down...
... shutdown complete.
