-=-=-=-=-=-=-=-=-=-=-=-=-=-=-=-=-=-=-=-=-=-=-=-=-=-=-=-=-=-=-=-=
CLIntercept (64-bit) is loading...
CLIntercept file location: C:\Users\Local_Admin\Downloads\clintercept-3.0.6-win64\Release\opencl.dll
CLIntercept URL: https://github.com/intel/opencl-intercept-layer
CLIntercept git description: v3.0.6
CLIntercept git refspec: 
CLIntercept git hash: 1c86da258a3de21c88abb8d81953febcef50991f
CLIntercept optional features:
    cliloader(supported)
    cliprof(supported)
    kernel overrides(supported)
    ITT tracing(NOT supported)
    MDAPI(supported)
    Demangling(NOT supported)
    clock(steady_clock)
CLIntercept environment variable prefix: CLI_
CLIntercept registry key: SOFTWARE\INTEL\IGFX\CLINTERCEPT
Trying to load dispatch from: real_opencl.dll
Couldn't get exported function pointer to: clGetGLContextInfoKHR
... success!
Control ReportToStderr is set to non-default value: true
Control DevicePerformanceTiming is set to non-default value: true
Timer Started!
... loading complete.
Total Enqueues: 0

=== FC Benchmark (precision=u4) ===
M=2048 K=4096 N=6144 group_size=128 iters=20 warmup=5 bufs=4 flush_mb=64
Dynamic quantization: ON (group_size=128)
Input tensors allocated in USM_DEVICE (VRAM) via RemoteContext.
L2/L3 flush kernel: 64 MB f16 Relu between every FC infer.
Median_ms: 1.668
Min_ms: 1.6447
Avg_ms: 1.6911
GFLOPS: 61798.1
BW_GBs: 32.9252
AI: 1876.93
WeightBytes: 1.25829e+07
TotalBytes: 5.49192e+07
TotalFLOPs: 1.03079e+11
Total Enqueues: 110


Device Performance Timing Results for Intel(R) Arc(TM) B390 GPU (96CUs, 2400MHz):

Total Time (ns): 78670066

                                   Function Name,  Calls,     Time (ns), Time (%),  Average (ns),      Min (ns),      Max (ns)
           activation_opt_477147924471330069_0_0,     26,      34781237,   44.21%,       1337739,       1210000,       1744166
                      clEnqueueMemFillINTEL( D ),      3,         53957,    0.07%,         17985,          4791,         41354
                      clEnqueueMemFillINTEL( H ),      5,       2436768,    3.10%,        487353,         11666,       1058333
dynamic_quantize_gpu_opt_9457747167103641236_0_0,     25,       5630511,    7.16%,        225220,        172604,        407604
                                     gemm_kernel,     25,      35702802,   45.38%,       1428112,       1345208,       1658958
           reorder_data_12503675069433754659_0_0,      1,         64791,    0.08%,         64791,         64791,         64791
CLIntercept is shutting down...
... shutdown complete.
