-=-=-=-=-=-=-=-=-=-=-=-=-=-=-=-=-=-=-=-=-=-=-=-=-=-=-=-=-=-=-=-=
CLIntercept (64-bit) is loading...
CLIntercept file location: C:\Users\Local_Admin\Downloads\clintercept-3.0.6-win64\Release\opencl.dll
CLIntercept URL: https://github.com/intel/opencl-intercept-layer
CLIntercept git description: v3.0.6
CLIntercept git refspec: 
CLIntercept git hash: 1c86da258a3de21c88abb8d81953febcef50991f
CLIntercept optional features:
    cliloader(supported)
    cliprof(supported)
    kernel overrides(supported)
    ITT tracing(NOT supported)
    MDAPI(supported)
    Demangling(NOT supported)
    clock(steady_clock)
CLIntercept environment variable prefix: CLI_
CLIntercept registry key: SOFTWARE\INTEL\IGFX\CLINTERCEPT
Trying to load dispatch from: real_opencl.dll
Couldn't get exported function pointer to: clGetGLContextInfoKHR
... success!
Control ReportToStderr is set to non-default value: true
Control DevicePerformanceTiming is set to non-default value: true
Timer Started!
... loading complete.
Total Enqueues: 0

=== FC Benchmark (precision=u4) ===
M=32768 K=4096 N=6144 group_size=128 iters=20 warmup=5 bufs=4 flush_mb=64
Dynamic quantization: ON (group_size=128)
Input tensors allocated in USM_DEVICE (VRAM) via RemoteContext.
L2/L3 flush kernel: 64 MB f16 Relu between every FC infer.
Median_ms: 24.9523
Min_ms: 24.3955
Avg_ms: 25.0702
GFLOPS: 66096.8
BW_GBs: 27.4149
AI: 2410.98
WeightBytes: 1.25829e+07
TotalBytes: 6.84065e+08
TotalFLOPs: 1.64927e+12
Total Enqueues: 110


Device Performance Timing Results for Intel(R) Arc(TM) B390 GPU (96CUs, 2400MHz):

Total Time (ns): 682482257

                                   Function Name,  Calls,     Time (ns), Time (%),  Average (ns),      Min (ns),      Max (ns)
           activation_opt_477147924471330069_0_0,     26,      33670302,    4.93%,       1295011,       1228020,       1743333
                      clEnqueueMemFillINTEL( D ),      3,        605207,    0.09%,        201735,         19166,        558125
                      clEnqueueMemFillINTEL( H ),      5,      13843747,    2.03%,       2768749,         13333,       6605416
dynamic_quantize_gpu_opt_7387113980111986926_0_0,     25,      93616032,   13.72%,       3744641,       2818229,       6251875
                                     gemm_kernel,     25,     540682386,   79.22%,      21627295,      21306250,      23233333
           reorder_data_12503675069433754659_0_0,      1,         64583,    0.01%,         64583,         64583,         64583
CLIntercept is shutting down...
... shutdown complete.
