-=-=-=-=-=-=-=-=-=-=-=-=-=-=-=-=-=-=-=-=-=-=-=-=-=-=-=-=-=-=-=-=
CLIntercept (64-bit) is loading...
CLIntercept file location: C:\Users\Local_Admin\Downloads\clintercept-3.0.6-win64\Release\opencl.dll
CLIntercept URL: https://github.com/intel/opencl-intercept-layer
CLIntercept git description: v3.0.6
CLIntercept git refspec: 
CLIntercept git hash: 1c86da258a3de21c88abb8d81953febcef50991f
CLIntercept optional features:
    cliloader(supported)
    cliprof(supported)
    kernel overrides(supported)
    ITT tracing(NOT supported)
    MDAPI(supported)
    Demangling(NOT supported)
    clock(steady_clock)
CLIntercept environment variable prefix: CLI_
CLIntercept registry key: SOFTWARE\INTEL\IGFX\CLINTERCEPT
Trying to load dispatch from: real_opencl.dll
Couldn't get exported function pointer to: clGetGLContextInfoKHR
... success!
Control ReportToStderr is set to non-default value: true
Control DevicePerformanceTiming is set to non-default value: true
Timer Started!
... loading complete.
Total Enqueues: 0

=== FC Benchmark (precision=u4) ===
M=1024 K=4096 N=12288 group_size=128 iters=20 warmup=5 bufs=4 flush_mb=64
Dynamic quantization: ON (group_size=128)
Input tensors allocated in USM_DEVICE (VRAM) via RemoteContext.
L2/L3 flush kernel: 64 MB f16 Relu between every FC infer.
Median_ms: 1.6879
Min_ms: 1.6533
Avg_ms: 1.68832
GFLOPS: 61069.5
BW_GBs: 35.2549
AI: 1732.23
WeightBytes: 2.51658e+07
TotalBytes: 5.95067e+07
TotalFLOPs: 1.03079e+11
Total Enqueues: 110


Device Performance Timing Results for Intel(R) Arc(TM) B390 GPU (96CUs, 2400MHz):

Total Time (ns): 75082987

                                   Function Name,  Calls,     Time (ns), Time (%),  Average (ns),      Min (ns),      Max (ns)
           activation_opt_477147924471330069_0_0,     26,      32815303,   43.71%,       1262127,       1206666,       1727604
                      clEnqueueMemFillINTEL( D ),      3,         35207,    0.05%,         11735,          2916,         26666
                      clEnqueueMemFillINTEL( H ),      5,       2389164,    3.18%,        477832,         14166,       1063645
dynamic_quantize_gpu_opt_4276305079436250453_0_0,     25,       2491031,    3.32%,         99641,         86979,        215208
                                     gemm_kernel,     25,      37237074,   49.59%,       1489482,       1423437,       1559270
            reorder_data_3982838151091069278_0_0,      1,        115208,    0.15%,        115208,        115208,        115208
CLIntercept is shutting down...
... shutdown complete.
