-=-=-=-=-=-=-=-=-=-=-=-=-=-=-=-=-=-=-=-=-=-=-=-=-=-=-=-=-=-=-=-=
CLIntercept (64-bit) is loading...
CLIntercept file location: C:\Users\Local_Admin\Downloads\clintercept-3.0.6-win64\Release\opencl.dll
CLIntercept URL: https://github.com/intel/opencl-intercept-layer
CLIntercept git description: v3.0.6
CLIntercept git refspec: 
CLIntercept git hash: 1c86da258a3de21c88abb8d81953febcef50991f
CLIntercept optional features:
    cliloader(supported)
    cliprof(supported)
    kernel overrides(supported)
    ITT tracing(NOT supported)
    MDAPI(supported)
    Demangling(NOT supported)
    clock(steady_clock)
CLIntercept environment variable prefix: CLI_
CLIntercept registry key: SOFTWARE\INTEL\IGFX\CLINTERCEPT
Trying to load dispatch from: real_opencl.dll
Couldn't get exported function pointer to: clGetGLContextInfoKHR
... success!
Control ReportToStderr is set to non-default value: true
Control DevicePerformanceTiming is set to non-default value: true
Timer Started!
... loading complete.
Total Enqueues: 0

=== FC Benchmark (precision=u4) ===
M=16384 K=4096 N=12288 group_size=128 iters=20 warmup=5 bufs=4 flush_mb=64
Dynamic quantization: ON (group_size=128)
Input tensors allocated in USM_DEVICE (VRAM) via RemoteContext.
L2/L3 flush kernel: 64 MB f16 Relu between every FC infer.
Median_ms: 23.3705
Min_ms: 23.0301
Avg_ms: 23.404
GFLOPS: 70570.5
BW_GBs: 24.0826
AI: 2930.35
WeightBytes: 2.51658e+07
TotalBytes: 5.62823e+08
TotalFLOPs: 1.64927e+12
Total Enqueues: 110


Device Performance Timing Results for Intel(R) Arc(TM) B390 GPU (96CUs, 2400MHz):

Total Time (ns): 633807048

                                   Function Name,  Calls,     Time (ns), Time (%),  Average (ns),      Min (ns),      Max (ns)
           activation_opt_477147924471330069_0_0,     26,      33181342,    5.24%,       1276205,       1227291,       1740312
                      clEnqueueMemFillINTEL( D ),      3,        253645,    0.04%,         84548,          9375,        229687
                      clEnqueueMemFillINTEL( H ),      5,      10239686,    1.62%,       2047937,         15520,       6859375
dynamic_quantize_gpu_opt_5790446330686255747_0_0,     25,      47726449,    7.53%,       1909057,       1405104,       3260729
                                     gemm_kernel,     25,     542282593,   85.56%,      21691303,      21412187,      22231458
            reorder_data_3982838151091069278_0_0,      1,        123333,    0.02%,        123333,        123333,        123333
CLIntercept is shutting down...
... shutdown complete.
