-=-=-=-=-=-=-=-=-=-=-=-=-=-=-=-=-=-=-=-=-=-=-=-=-=-=-=-=-=-=-=-=
CLIntercept (64-bit) is loading...
CLIntercept file location: C:\Users\Local_Admin\Downloads\clintercept-3.0.6-win64\Release\opencl.dll
CLIntercept URL: https://github.com/intel/opencl-intercept-layer
CLIntercept git description: v3.0.6
CLIntercept git refspec: 
CLIntercept git hash: 1c86da258a3de21c88abb8d81953febcef50991f
CLIntercept optional features:
    cliloader(supported)
    cliprof(supported)
    kernel overrides(supported)
    ITT tracing(NOT supported)
    MDAPI(supported)
    Demangling(NOT supported)
    clock(steady_clock)
CLIntercept environment variable prefix: CLI_
CLIntercept registry key: SOFTWARE\INTEL\IGFX\CLINTERCEPT
Trying to load dispatch from: real_opencl.dll
Couldn't get exported function pointer to: clGetGLContextInfoKHR
... success!
Control ReportToStderr is set to non-default value: true
Control DevicePerformanceTiming is set to non-default value: true
Timer Started!
... loading complete.
Total Enqueues: 0

=== FC Benchmark (precision=u4) ===
M=4096 K=4096 N=12288 group_size=128 iters=20 warmup=5 bufs=4 flush_mb=64
Dynamic quantization: ON (group_size=128)
Input tensors allocated in USM_DEVICE (VRAM) via RemoteContext.
L2/L3 flush kernel: 64 MB f16 Relu between every FC infer.
Median_ms: 5.9177
Min_ms: 5.7752
Avg_ms: 5.92379
GFLOPS: 69675.2
BW_GBs: 27.0663
AI: 2574.25
WeightBytes: 2.51658e+07
TotalBytes: 1.6017e+08
TotalFLOPs: 4.12317e+11
Total Enqueues: 110


Device Performance Timing Results for Intel(R) Arc(TM) B390 GPU (96CUs, 2400MHz):

Total Time (ns): 183634757

                                   Function Name,  Calls,     Time (ns), Time (%),  Average (ns),      Min (ns),      Max (ns)
           activation_opt_477147924471330069_0_0,     26,      32994156,   17.97%,       1269006,       1214375,       1721770
                      clEnqueueMemFillINTEL( D ),      3,         78020,    0.04%,         26006,          5625,         64791
                      clEnqueueMemFillINTEL( H ),      5,       4291352,    2.34%,        858270,         14062,       1747708
dynamic_quantize_gpu_opt_2457997582419023691_0_0,     25,       9693011,    5.28%,        387720,        348125,        821250
                                     gemm_kernel,     25,     136468323,   74.32%,       5458732,       5287500,       6037604
            reorder_data_3982838151091069278_0_0,      1,        109895,    0.06%,        109895,        109895,        109895
CLIntercept is shutting down...
... shutdown complete.
