-=-=-=-=-=-=-=-=-=-=-=-=-=-=-=-=-=-=-=-=-=-=-=-=-=-=-=-=-=-=-=-=
CLIntercept (64-bit) is loading...
CLIntercept file location: C:\Users\Local_Admin\Downloads\clintercept-3.0.6-win64\Release\opencl.dll
CLIntercept URL: https://github.com/intel/opencl-intercept-layer
CLIntercept git description: v3.0.6
CLIntercept git refspec: 
CLIntercept git hash: 1c86da258a3de21c88abb8d81953febcef50991f
CLIntercept optional features:
    cliloader(supported)
    cliprof(supported)
    kernel overrides(supported)
    ITT tracing(NOT supported)
    MDAPI(supported)
    Demangling(NOT supported)
    clock(steady_clock)
CLIntercept environment variable prefix: CLI_
CLIntercept registry key: SOFTWARE\INTEL\IGFX\CLINTERCEPT
Trying to load dispatch from: real_opencl.dll
Couldn't get exported function pointer to: clGetGLContextInfoKHR
... success!
Control ReportToStderr is set to non-default value: true
Control DevicePerformanceTiming is set to non-default value: true
Timer Started!
... loading complete.
Total Enqueues: 0

=== FC Benchmark (precision=u4) ===
M=8192 K=4096 N=12288 group_size=128 iters=20 warmup=5 bufs=4 flush_mb=64
Dynamic quantization: ON (group_size=128)
Input tensors allocated in USM_DEVICE (VRAM) via RemoteContext.
L2/L3 flush kernel: 64 MB f16 Relu between every FC infer.
Median_ms: 11.6635
Min_ms: 11.4567
Avg_ms: 12.028
GFLOPS: 70702.1
BW_GBs: 25.2401
AI: 2801.18
WeightBytes: 2.51658e+07
TotalBytes: 2.94388e+08
TotalFLOPs: 8.24634e+11
Total Enqueues: 110


Device Performance Timing Results for Intel(R) Arc(TM) B390 GPU (96CUs, 2400MHz):

Total Time (ns): 339603299

                                   Function Name,  Calls,     Time (ns), Time (%),  Average (ns),      Min (ns),      Max (ns)
           activation_opt_477147924471330069_0_0,     26,      35019782,   10.31%,       1346914,       1224895,       1996666
                      clEnqueueMemFillINTEL( D ),      3,        152499,    0.04%,         50833,          8333,        135104
                      clEnqueueMemFillINTEL( H ),      5,       6969269,    2.05%,       1393853,         15520,       3772083
dynamic_quantize_gpu_opt_1534384422443530166_0_0,     25,      21293011,    6.27%,        851720,        701354,       1642708
                                     gemm_kernel,     25,     276038530,   81.28%,      11041541,      10591666,      13177708
            reorder_data_3982838151091069278_0_0,      1,        130208,    0.04%,        130208,        130208,        130208
CLIntercept is shutting down...
... shutdown complete.
