-=-=-=-=-=-=-=-=-=-=-=-=-=-=-=-=-=-=-=-=-=-=-=-=-=-=-=-=-=-=-=-=
CLIntercept (64-bit) is loading...
CLIntercept file location: C:\Users\Local_Admin\Downloads\clintercept-3.0.6-win64\Release\opencl.dll
CLIntercept URL: https://github.com/intel/opencl-intercept-layer
CLIntercept git description: v3.0.6
CLIntercept git refspec: 
CLIntercept git hash: 1c86da258a3de21c88abb8d81953febcef50991f
CLIntercept optional features:
    cliloader(supported)
    cliprof(supported)
    kernel overrides(supported)
    ITT tracing(NOT supported)
    MDAPI(supported)
    Demangling(NOT supported)
    clock(steady_clock)
CLIntercept environment variable prefix: CLI_
CLIntercept registry key: SOFTWARE\INTEL\IGFX\CLINTERCEPT
Trying to load dispatch from: real_opencl.dll
Couldn't get exported function pointer to: clGetGLContextInfoKHR
... success!
Control ReportToStderr is set to non-default value: true
Control DevicePerformanceTiming is set to non-default value: true
Timer Started!
... loading complete.
Total Enqueues: 0

=== PA Benchmark ===
NH=32 NKV=8 HD=128
Mode=decode S_q=1 S_kv=131072 blocks=8193 kv_type=i8 iters=5000 warmup=200 bufs=4
[1;30mGPU_Debug: [1;34mexecution_config.cpp:[1;35m233:[1;36moperator (): [0m[Warning] BY_CHANNEL quant mode is not supported for cache rotation yet. Switching to BY_TOKEN mode.
[1;30mGPU_Debug: [1;34mexecution_config.cpp:[1;35m233:[1;36moperator (): [0m[Warning] BY_CHANNEL quant mode is not supported for cache rotation yet. Switching to BY_TOKEN mode.
KV cache key type=i8 shape=[?,8,128,20]
KV cache val type=i8 shape=[?,8,16,132]
Resolved KC shape: [8193,8,128,20]
Median_ms: 19.393
Min_ms: 18.8584
Avg_ms: 19.8952
GFLOPS: 116.143
BW_GBs: 13.8446
AI: 8.38902
TotalFLOPs: 2.25236e+09
TotalBytes: 2.68489e+08
Total Enqueues: 66301


Device Performance Timing Results for Intel(R) Arc(TM) B390 GPU (96CUs, 2400MHz):

Total Time (ns): 100796627778

                                                          Function Name,  Calls,     Time (ns), Time (%),  Average (ns),      Min (ns),      Max (ns)
                                             clEnqueueMemFillINTEL( H ),      1,          2812,    0.00%,          2812,          2812,          2812
                                           clEnqueueMemcpyINTEL( HtoH ),   3900,       7741860,    0.01%,          1985,          1250,          4322
                                           clEnqueueMemcpyINTEL( MtoD ),  36400,   83848711478,   83.19%,       2303536,           937,      14316770
                                           clEnqueueMemcpyINTEL( MtoH ),  10400,      12312685,    0.01%,          1183,           937,          2864
                       pa_kv_cache_update_ref__10292547650165516455__sa,   5200,      36761041,    0.04%,          7069,          3437,         10000
         paged_attention_opt__gqa_single_token_10292547650165516455__sa,   5200,   15877514932,   15.75%,       3053368,       2990208,       3837291
paged_attention_opt__single_token_finalization_10292547650165516455__sa,   5200,    1013582970,    1.01%,        194919,        189479,        457500
CLIntercept is shutting down...
... shutdown complete.
