-=-=-=-=-=-=-=-=-=-=-=-=-=-=-=-=-=-=-=-=-=-=-=-=-=-=-=-=-=-=-=-=
CLIntercept (64-bit) is loading...
CLIntercept file location: C:\Users\Local_Admin\Downloads\clintercept-3.0.6-win64\Release\opencl.dll
CLIntercept URL: https://github.com/intel/opencl-intercept-layer
CLIntercept git description: v3.0.6
CLIntercept git refspec: 
CLIntercept git hash: 1c86da258a3de21c88abb8d81953febcef50991f
CLIntercept optional features:
    cliloader(supported)
    cliprof(supported)
    kernel overrides(supported)
    ITT tracing(NOT supported)
    MDAPI(supported)
    Demangling(NOT supported)
    clock(steady_clock)
CLIntercept environment variable prefix: CLI_
CLIntercept registry key: SOFTWARE\INTEL\IGFX\CLINTERCEPT
Trying to load dispatch from: real_opencl.dll
Couldn't get exported function pointer to: clGetGLContextInfoKHR
... success!
Control ReportToStderr is set to non-default value: true
Control DevicePerformanceTiming is set to non-default value: true
Timer Started!
... loading complete.
Total Enqueues: 0

=== PA Benchmark ===
NH=32 NKV=8 HD=128
Mode=decode S_q=1 S_kv=32768 blocks=2049 kv_type=i8 iters=5000 warmup=200 bufs=4
[1;30mGPU_Debug: [1;34mexecution_config.cpp:[1;35m233:[1;36moperator (): [0m[Warning] BY_CHANNEL quant mode is not supported for cache rotation yet. Switching to BY_TOKEN mode.
[1;30mGPU_Debug: [1;34mexecution_config.cpp:[1;35m233:[1;36moperator (): [0m[Warning] BY_CHANNEL quant mode is not supported for cache rotation yet. Switching to BY_TOKEN mode.
KV cache key type=i8 shape=[?,8,128,20]
KV cache val type=i8 shape=[?,8,16,132]
Resolved KC shape: [2049,8,128,20]
Median_ms: 5.0473
Min_ms: 4.9025
Avg_ms: 5.19057
GFLOPS: 111.565
BW_GBs: 13.3065
AI: 8.38423
TotalFLOPs: 5.63102e+08
TotalBytes: 6.71621e+07
Total Enqueues: 66301


Device Performance Timing Results for Intel(R) Arc(TM) B390 GPU (96CUs, 2400MHz):

Total Time (ns): 24911970024

                                                          Function Name,  Calls,     Time (ns), Time (%),  Average (ns),      Min (ns),      Max (ns)
                                             clEnqueueMemFillINTEL( H ),      1,          5729,    0.00%,          5729,          5729,          5729
                                           clEnqueueMemcpyINTEL( HtoH ),   3900,       4640911,    0.02%,          1189,          1041,          2968
                                           clEnqueueMemcpyINTEL( MtoD ),  36400,   20674268272,   82.99%,        567974,           937,       4115000
                                           clEnqueueMemcpyINTEL( MtoH ),  10400,      10393688,    0.04%,           999,           937,          2968
                       pa_kv_cache_update_ref__10292547650165516455__sa,   5200,      41830748,    0.17%,          8044,          4479,         13541
         paged_attention_opt__gqa_single_token_10292547650165516455__sa,   5200,    3915012129,   15.72%,        752886,        739895,       1773437
paged_attention_opt__single_token_finalization_10292547650165516455__sa,   5200,     265818547,    1.07%,         51118,         48958,        190625
CLIntercept is shutting down...
... shutdown complete.
