-=-=-=-=-=-=-=-=-=-=-=-=-=-=-=-=-=-=-=-=-=-=-=-=-=-=-=-=-=-=-=-=
CLIntercept (64-bit) is loading...
CLIntercept file location: C:\Users\Local_Admin\Downloads\clintercept-3.0.6-win64\Release\opencl.dll
CLIntercept URL: https://github.com/intel/opencl-intercept-layer
CLIntercept git description: v3.0.6
CLIntercept git refspec: 
CLIntercept git hash: 1c86da258a3de21c88abb8d81953febcef50991f
CLIntercept optional features:
    cliloader(supported)
    cliprof(supported)
    kernel overrides(supported)
    ITT tracing(NOT supported)
    MDAPI(supported)
    Demangling(NOT supported)
    clock(steady_clock)
CLIntercept environment variable prefix: CLI_
CLIntercept registry key: SOFTWARE\INTEL\IGFX\CLINTERCEPT
Trying to load dispatch from: real_opencl.dll
Couldn't get exported function pointer to: clGetGLContextInfoKHR
... success!
Control ReportToStderr is set to non-default value: true
Control DevicePerformanceTiming is set to non-default value: true
Timer Started!
... loading complete.
Total Enqueues: 0

=== PA Benchmark ===
NH=32 NKV=8 HD=128
Mode=decode S_q=1 S_kv=65536 blocks=4097 kv_type=i8 iters=5000 warmup=200 bufs=4
[1;30mGPU_Debug: [1;34mexecution_config.cpp:[1;35m233:[1;36moperator (): [0m[Warning] BY_CHANNEL quant mode is not supported for cache rotation yet. Switching to BY_TOKEN mode.
[1;30mGPU_Debug: [1;34mexecution_config.cpp:[1;35m233:[1;36moperator (): [0m[Warning] BY_CHANNEL quant mode is not supported for cache rotation yet. Switching to BY_TOKEN mode.
KV cache key type=i8 shape=[?,8,128,20]
KV cache val type=i8 shape=[?,8,16,132]
Resolved KC shape: [4097,8,128,20]
Median_ms: 9.8263
Min_ms: 9.6258
Avg_ms: 10.1453
GFLOPS: 114.61
BW_GBs: 13.6644
AI: 8.38743
TotalFLOPs: 1.12619e+09
TotalBytes: 1.34271e+08
Total Enqueues: 66301


Device Performance Timing Results for Intel(R) Arc(TM) B390 GPU (96CUs, 2400MHz):

Total Time (ns): 50349080800

                                                          Function Name,  Calls,     Time (ns), Time (%),  Average (ns),      Min (ns),      Max (ns)
                                             clEnqueueMemFillINTEL( H ),      1,          5000,    0.00%,          5000,          5000,          5000
                                           clEnqueueMemcpyINTEL( HtoH ),   3900,       6045526,    0.01%,          1550,          1041,          3437
                                           clEnqueueMemcpyINTEL( MtoD ),  36400,   41894968163,   83.21%,       1150960,           937,       8056093
                                           clEnqueueMemcpyINTEL( MtoH ),  10400,      11116592,    0.02%,          1068,           937,          3229
                       pa_kv_cache_update_ref__10292547650165516455__sa,   5200,      43480905,    0.09%,          8361,          7500,         11354
         paged_attention_opt__gqa_single_token_10292547650165516455__sa,   5200,    7847630844,   15.59%,       1509159,       1482500,       3504479
paged_attention_opt__single_token_finalization_10292547650165516455__sa,   5200,     545833770,    1.08%,        104968,        101875,        314583
CLIntercept is shutting down...
... shutdown complete.
