-=-=-=-=-=-=-=-=-=-=-=-=-=-=-=-=-=-=-=-=-=-=-=-=-=-=-=-=-=-=-=-=
CLIntercept (64-bit) is loading...
CLIntercept file location: C:\Users\Local_Admin\Downloads\clintercept-3.0.6-win64\Release\opencl.dll
CLIntercept URL: https://github.com/intel/opencl-intercept-layer
CLIntercept git description: v3.0.6
CLIntercept git refspec: 
CLIntercept git hash: 1c86da258a3de21c88abb8d81953febcef50991f
CLIntercept optional features:
    cliloader(supported)
    cliprof(supported)
    kernel overrides(supported)
    ITT tracing(NOT supported)
    MDAPI(supported)
    Demangling(NOT supported)
    clock(steady_clock)
CLIntercept environment variable prefix: CLI_
CLIntercept registry key: SOFTWARE\INTEL\IGFX\CLINTERCEPT
Trying to load dispatch from: real_opencl.dll
Couldn't get exported function pointer to: clGetGLContextInfoKHR
... success!
Control ReportToStderr is set to non-default value: true
Control DevicePerformanceTiming is set to non-default value: true
Timer Started!
... loading complete.
Total Enqueues: 0

=== PA Benchmark ===
NH=32 NKV=8 HD=128
Mode=decode S_q=1 S_kv=2048 blocks=129 kv_type=i8 iters=5000 warmup=200 bufs=4
[1;30mGPU_Debug: [1;34mexecution_config.cpp:[1;35m233:[1;36moperator (): [0m[Warning] BY_CHANNEL quant mode is not supported for cache rotation yet. Switching to BY_TOKEN mode.
[1;30mGPU_Debug: [1;34mexecution_config.cpp:[1;35m233:[1;36moperator (): [0m[Warning] BY_CHANNEL quant mode is not supported for cache rotation yet. Switching to BY_TOKEN mode.
KV cache key type=i8 shape=[?,8,128,20]
KV cache val type=i8 shape=[?,8,16,132]
Resolved KC shape: [129,8,128,20]
Median_ms: 0.4408
Min_ms: 0.4108
Avg_ms: 0.445154
GFLOPS: 79.8775
BW_GBs: 9.63601
AI: 8.28948
TotalFLOPs: 3.521e+07
TotalBytes: 4.24755e+06
Total Enqueues: 66301


Device Performance Timing Results for Intel(R) Arc(TM) B390 GPU (96CUs, 2400MHz):

Total Time (ns): 1096911654

                                                          Function Name,  Calls,     Time (ns), Time (%),  Average (ns),      Min (ns),      Max (ns)
                                             clEnqueueMemFillINTEL( H ),      1,          3437,    0.00%,          3437,          3437,          3437
                                           clEnqueueMemcpyINTEL( HtoH ),   3900,       5823208,    0.53%,          1493,          1041,         10104
                                           clEnqueueMemcpyINTEL( MtoD ),  36400,     602977202,   54.97%,         16565,           937,        338750
                                           clEnqueueMemcpyINTEL( MtoH ),  10400,      10447570,    0.95%,          1004,           937,          8437
                       pa_kv_cache_update_ref__10292547650165516455__sa,   5200,      19747353,    1.80%,          3797,          3437,         12083
             paged_attention_opt__single_token_10292547650165516455__sa,   5200,     438146801,   39.94%,         84259,         77083,        141041
paged_attention_opt__single_token_finalization_10292547650165516455__sa,   5200,      19766083,    1.80%,          3801,          3645,         13645
CLIntercept is shutting down...
... shutdown complete.
