-=-=-=-=-=-=-=-=-=-=-=-=-=-=-=-=-=-=-=-=-=-=-=-=-=-=-=-=-=-=-=-=
CLIntercept (64-bit) is loading...
CLIntercept file location: C:\Users\Local_Admin\Downloads\clintercept-3.0.6-win64\Release\opencl.dll
CLIntercept URL: https://github.com/intel/opencl-intercept-layer
CLIntercept git description: v3.0.6
CLIntercept git refspec: 
CLIntercept git hash: 1c86da258a3de21c88abb8d81953febcef50991f
CLIntercept optional features:
    cliloader(supported)
    cliprof(supported)
    kernel overrides(supported)
    ITT tracing(NOT supported)
    MDAPI(supported)
    Demangling(NOT supported)
    clock(steady_clock)
CLIntercept environment variable prefix: CLI_
CLIntercept registry key: SOFTWARE\INTEL\IGFX\CLINTERCEPT
Trying to load dispatch from: real_opencl.dll
Couldn't get exported function pointer to: clGetGLContextInfoKHR
... success!
Control ReportToStderr is set to non-default value: true
Control DevicePerformanceTiming is set to non-default value: true
Timer Started!
... loading complete.
Total Enqueues: 0

=== PA Benchmark ===
NH=32 NKV=8 HD=128
Mode=decode S_q=1 S_kv=4096 blocks=257 kv_type=i8 iters=5000 warmup=200 bufs=4
[1;30mGPU_Debug: [1;34mexecution_config.cpp:[1;35m233:[1;36moperator (): [0m[Warning] BY_CHANNEL quant mode is not supported for cache rotation yet. Switching to BY_TOKEN mode.
[1;30mGPU_Debug: [1;34mexecution_config.cpp:[1;35m233:[1;36moperator (): [0m[Warning] BY_CHANNEL quant mode is not supported for cache rotation yet. Switching to BY_TOKEN mode.
KV cache key type=i8 shape=[?,8,128,20]
KV cache val type=i8 shape=[?,8,16,132]
Resolved KC shape: [257,8,128,20]
Median_ms: 0.7581
Min_ms: 0.7091
Avg_ms: 0.774627
GFLOPS: 92.8675
BW_GBs: 11.1355
AI: 8.33974
TotalFLOPs: 7.04028e+07
TotalBytes: 8.44186e+06
Total Enqueues: 66301


Device Performance Timing Results for Intel(R) Arc(TM) B390 GPU (96CUs, 2400MHz):

Total Time (ns): 2495066114

                                                          Function Name,  Calls,     Time (ns), Time (%),  Average (ns),      Min (ns),      Max (ns)
                                             clEnqueueMemFillINTEL( H ),      1,          5208,    0.00%,          5208,          5208,          5208
                                           clEnqueueMemcpyINTEL( HtoH ),   3900,       5651243,    0.23%,          1449,           989,          3385
                                           clEnqueueMemcpyINTEL( MtoD ),  36400,    1909519791,   76.53%,         52459,           937,       1163958
                                           clEnqueueMemcpyINTEL( MtoH ),  10400,      10392442,    0.42%,           999,           937,          4062
                       pa_kv_cache_update_ref__10292547650165516455__sa,   5200,      19958280,    0.80%,          3838,          3333,         12708
         paged_attention_opt__gqa_single_token_10292547650165516455__sa,   5200,     521611452,   20.91%,        100309,         96770,        314375
paged_attention_opt__single_token_finalization_10292547650165516455__sa,   5200,      27927698,    1.12%,          5370,          5208,         19895
CLIntercept is shutting down...
... shutdown complete.
