-=-=-=-=-=-=-=-=-=-=-=-=-=-=-=-=-=-=-=-=-=-=-=-=-=-=-=-=-=-=-=-=
CLIntercept (64-bit) is loading...
CLIntercept file location: C:\Users\Local_Admin\Downloads\clintercept-3.0.6-win64\Release\opencl.dll
CLIntercept URL: https://github.com/intel/opencl-intercept-layer
CLIntercept git description: v3.0.6
CLIntercept git refspec: 
CLIntercept git hash: 1c86da258a3de21c88abb8d81953febcef50991f
CLIntercept optional features:
    cliloader(supported)
    cliprof(supported)
    kernel overrides(supported)
    ITT tracing(NOT supported)
    MDAPI(supported)
    Demangling(NOT supported)
    clock(steady_clock)
CLIntercept environment variable prefix: CLI_
CLIntercept registry key: SOFTWARE\INTEL\IGFX\CLINTERCEPT
Trying to load dispatch from: real_opencl.dll
Couldn't get exported function pointer to: clGetGLContextInfoKHR
... success!
Control ReportToStderr is set to non-default value: true
Control DevicePerformanceTiming is set to non-default value: true
Timer Started!
... loading complete.
Total Enqueues: 0

=== PA Benchmark ===
NH=32 NKV=8 HD=128
Mode=prefill S_q=4096 S_kv=0 blocks=256 kv_type=i8 iters=20 warmup=3 bufs=2
[1;30mGPU_Debug: [1;34mexecution_config.cpp:[1;35m233:[1;36moperator (): [0m[Warning] BY_CHANNEL quant mode is not supported for cache rotation yet. Switching to BY_TOKEN mode.
[1;30mGPU_Debug: [1;34mexecution_config.cpp:[1;35m233:[1;36moperator (): [0m[Warning] BY_CHANNEL quant mode is not supported for cache rotation yet. Switching to BY_TOKEN mode.
KV cache key type=i8 shape=[?,8,128,20]
KV cache val type=i8 shape=[?,8,16,132]
Resolved KC shape: [256,8,128,20]
Median_ms: 13.198
Min_ms: 12.3991
Avg_ms: 12.907
GFLOPS: 21844.2
BW_GBs: 6.99157
AI: 3124.36
TotalFLOPs: 2.883e+11
TotalBytes: 9.22747e+07
Total Enqueues: 265


Device Performance Timing Results for Intel(R) Arc(TM) B390 GPU (96CUs, 2400MHz):

Total Time (ns): 281606751

                                   Function Name,  Calls,     Time (ns), Time (%),  Average (ns),      Min (ns),      Max (ns)
                      clEnqueueMemFillINTEL( H ),      1,        403958,    0.14%,        403958,        403958,        403958
                    clEnqueueMemcpyINTEL( HtoH ),     11,       8713226,    3.09%,        792111,        746354,       1065677
                    clEnqueueMemcpyINTEL( MtoD ),    161,      64310809,   22.84%,        399446,          1093,       1792343
                    clEnqueueMemcpyINTEL( MtoH ),     46,         61279,    0.02%,          1332,           989,          2968
pa_kv_cache_update_ref__10292547650165516455__sa,     23,       5310510,    1.89%,        230891,        209791,        423229
    sdpa_micro__prefill_10292547650165516455__sa,     23,     202806969,   72.02%,       8817694,       8781875,       8896875
CLIntercept is shutting down...
... shutdown complete.
