-=-=-=-=-=-=-=-=-=-=-=-=-=-=-=-=-=-=-=-=-=-=-=-=-=-=-=-=-=-=-=-=
CLIntercept (64-bit) is loading...
CLIntercept file location: C:\Users\Local_Admin\Downloads\clintercept-3.0.6-win64\Release\opencl.dll
CLIntercept URL: https://github.com/intel/opencl-intercept-layer
CLIntercept git description: v3.0.6
CLIntercept git refspec: 
CLIntercept git hash: 1c86da258a3de21c88abb8d81953febcef50991f
CLIntercept optional features:
    cliloader(supported)
    cliprof(supported)
    kernel overrides(supported)
    ITT tracing(NOT supported)
    MDAPI(supported)
    Demangling(NOT supported)
    clock(steady_clock)
CLIntercept environment variable prefix: CLI_
CLIntercept registry key: SOFTWARE\INTEL\IGFX\CLINTERCEPT
Trying to load dispatch from: real_opencl.dll
Couldn't get exported function pointer to: clGetGLContextInfoKHR
... success!
Control ReportToStderr is set to non-default value: true
Control DevicePerformanceTiming is set to non-default value: true
Timer Started!
... loading complete.
Total Enqueues: 0

=== PA Benchmark ===
NH=32 NKV=8 HD=128
Mode=prefill S_q=32768 S_kv=0 blocks=2048 kv_type=i8 iters=20 warmup=3 bufs=2
[1;30mGPU_Debug: [1;34mexecution_config.cpp:[1;35m233:[1;36moperator (): [0m[Warning] BY_CHANNEL quant mode is not supported for cache rotation yet. Switching to BY_TOKEN mode.
[1;30mGPU_Debug: [1;34mexecution_config.cpp:[1;35m233:[1;36moperator (): [0m[Warning] BY_CHANNEL quant mode is not supported for cache rotation yet. Switching to BY_TOKEN mode.
KV cache key type=i8 shape=[?,8,128,20]
KV cache val type=i8 shape=[?,8,16,132]
Resolved KC shape: [2048,8,128,20]
Median_ms: 708.168
Min_ms: 633.605
Avg_ms: 718.93
GFLOPS: 26054.8
BW_GBs: 1.0424
AI: 24994.9
TotalFLOPs: 1.84512e+13
TotalBytes: 7.38198e+08
Total Enqueues: 265


Device Performance Timing Results for Intel(R) Arc(TM) B390 GPU (96CUs, 2400MHz):

Total Time (ns): 16268517158

                                   Function Name,  Calls,     Time (ns), Time (%),  Average (ns),      Min (ns),      Max (ns)
                      clEnqueueMemFillINTEL( H ),      1,       5125416,    0.03%,       5125416,       5125416,       5125416
                    clEnqueueMemcpyINTEL( HtoH ),     11,      84446870,    0.52%,       7676988,       6454010,       9687239
                    clEnqueueMemcpyINTEL( MtoD ),    161,     685773719,    4.22%,       4259464,          1093,      35389635
                    clEnqueueMemcpyINTEL( MtoH ),     46,         62316,    0.00%,          1354,           989,          2447
pa_kv_cache_update_ref__10292547650165516455__sa,     23,      48237282,    0.30%,       2097273,       2074062,       2127604
    sdpa_micro__prefill_10292547650165516455__sa,     23,   15444871555,   94.94%,     671516154,     605236979,     771166562
CLIntercept is shutting down...
... shutdown complete.
