-=-=-=-=-=-=-=-=-=-=-=-=-=-=-=-=-=-=-=-=-=-=-=-=-=-=-=-=-=-=-=-=
CLIntercept (64-bit) is loading...
CLIntercept file location: C:\Users\Local_Admin\Downloads\clintercept-3.0.6-win64\Release\opencl.dll
CLIntercept URL: https://github.com/intel/opencl-intercept-layer
CLIntercept git description: v3.0.6
CLIntercept git refspec: 
CLIntercept git hash: 1c86da258a3de21c88abb8d81953febcef50991f
CLIntercept optional features:
    cliloader(supported)
    cliprof(supported)
    kernel overrides(supported)
    ITT tracing(NOT supported)
    MDAPI(supported)
    Demangling(NOT supported)
    clock(steady_clock)
CLIntercept environment variable prefix: CLI_
CLIntercept registry key: SOFTWARE\INTEL\IGFX\CLINTERCEPT
Trying to load dispatch from: real_opencl.dll
Couldn't get exported function pointer to: clGetGLContextInfoKHR
... success!
Control ReportToStderr is set to non-default value: true
Control DevicePerformanceTiming is set to non-default value: true
Timer Started!
... loading complete.
Total Enqueues: 0

=== PA Benchmark ===
NH=32 NKV=8 HD=128
Mode=prefill S_q=1024 S_kv=0 blocks=64 kv_type=i8 iters=20 warmup=3 bufs=2
[1;30mGPU_Debug: [1;34mexecution_config.cpp:[1;35m233:[1;36moperator (): [0m[Warning] BY_CHANNEL quant mode is not supported for cache rotation yet. Switching to BY_TOKEN mode.
[1;30mGPU_Debug: [1;34mexecution_config.cpp:[1;35m233:[1;36moperator (): [0m[Warning] BY_CHANNEL quant mode is not supported for cache rotation yet. Switching to BY_TOKEN mode.
KV cache key type=i8 shape=[?,8,128,20]
KV cache val type=i8 shape=[?,8,16,132]
Resolved KC shape: [64,8,128,20]
Median_ms: 1.8446
Min_ms: 1.6092
Avg_ms: 1.76724
GFLOPS: 9768.37
BW_GBs: 12.5061
AI: 781.091
TotalFLOPs: 1.80187e+10
TotalBytes: 2.30687e+07
Total Enqueues: 265


Device Performance Timing Results for Intel(R) Arc(TM) B390 GPU (96CUs, 2400MHz):

Total Time (ns): 29439035

                                   Function Name,  Calls,     Time (ns), Time (%),  Average (ns),      Min (ns),      Max (ns)
                      clEnqueueMemFillINTEL( H ),      1,         39791,    0.14%,         39791,         39791,         39791
                    clEnqueueMemcpyINTEL( HtoH ),     11,       1884007,    6.40%,        171273,        160104,        258229
                    clEnqueueMemcpyINTEL( MtoD ),    161,      11883409,   40.37%,         73809,           937,        435364
                    clEnqueueMemcpyINTEL( MtoH ),     46,         52993,    0.18%,          1152,           937,          3333
pa_kv_cache_update_ref__10292547650165516455__sa,     23,       1326971,    4.51%,         57694,         50729,        115000
    sdpa_micro__prefill_10292547650165516455__sa,     23,      14251864,   48.41%,        619646,        611041,        679375
CLIntercept is shutting down...
... shutdown complete.
